[debug] [2026-04-05T03:19:31.145Z] ----------------------------------------------------------------------
[debug] [2026-04-05T03:19:31.150Z] Command:       /usr/local/bin/node /usr/local/bin/firebase deploy --only functions
[debug] [2026-04-05T03:19:31.150Z] CLI Version:   14.9.0
[debug] [2026-04-05T03:19:31.150Z] Platform:      darwin
[debug] [2026-04-05T03:19:31.150Z] Node Version:  v20.17.0
[debug] [2026-04-05T03:19:31.150Z] Time:          Sun Apr 05 2026 08:49:31 GMT+0530 (India Standard Time)
[debug] [2026-04-05T03:19:31.150Z] ----------------------------------------------------------------------
[debug] 
[debug] [2026-04-05T03:19:31.243Z] > command requires scopes: ["email","openid","https://www.googleapis.com/auth/cloudplatformprojects.readonly","https://www.googleapis.com/auth/firebase","https://www.googleapis.com/auth/cloud-platform"]
[debug] [2026-04-05T03:19:31.243Z] > authorizing via signed-in user (saadchadu.ai@gmail.com)
[debug] [2026-04-05T03:19:31.243Z] [iam] checking project phrames-app for permissions ["cloudfunctions.functions.create","cloudfunctions.functions.delete","cloudfunctions.functions.get","cloudfunctions.functions.list","cloudfunctions.functions.update","cloudfunctions.operations.get","firebase.projects.get"]
[debug] [2026-04-05T03:19:31.244Z] Checked if tokens are valid: false, expires at: 1775297517934
[debug] [2026-04-05T03:19:31.244Z] Checked if tokens are valid: false, expires at: 1775297517934
[debug] [2026-04-05T03:19:31.244Z] > refreshing access token with scopes: []
[debug] [2026-04-05T03:19:31.245Z] >>> [apiv2][query] POST https://www.googleapis.com/oauth2/v3/token [none]
[debug] [2026-04-05T03:19:31.245Z] >>> [apiv2][body] POST https://www.googleapis.com/oauth2/v3/token [omitted]
[debug] [2026-04-05T03:19:31.486Z] <<< [apiv2][status] POST https://www.googleapis.com/oauth2/v3/token 200
[debug] [2026-04-05T03:19:31.487Z] <<< [apiv2][body] POST https://www.googleapis.com/oauth2/v3/token [omitted]
[debug] [2026-04-05T03:19:31.500Z] >>> [apiv2][query] POST https://cloudresourcemanager.googleapis.com/v1/projects/phrames-app:testIamPermissions [none]
[debug] [2026-04-05T03:19:31.501Z] >>> [apiv2][(partial)header] POST https://cloudresourcemanager.googleapis.com/v1/projects/phrames-app:testIamPermissions x-goog-quota-user=projects/phrames-app
[debug] [2026-04-05T03:19:31.501Z] >>> [apiv2][body] POST https://cloudresourcemanager.googleapis.com/v1/projects/phrames-app:testIamPermissions {"permissions":["cloudfunctions.functions.create","cloudfunctions.functions.delete","cloudfunctions.functions.get","cloudfunctions.functions.list","cloudfunctions.functions.update","cloudfunctions.operations.get","firebase.projects.get"]}
[debug] [2026-04-05T03:19:32.852Z] <<< [apiv2][status] POST https://cloudresourcemanager.googleapis.com/v1/projects/phrames-app:testIamPermissions 200
[debug] [2026-04-05T03:19:32.852Z] <<< [apiv2][body] POST https://cloudresourcemanager.googleapis.com/v1/projects/phrames-app:testIamPermissions {"permissions":["cloudfunctions.functions.create","cloudfunctions.functions.delete","cloudfunctions.functions.get","cloudfunctions.functions.list","cloudfunctions.functions.update","cloudfunctions.operations.get","firebase.projects.get"]}
[debug] [2026-04-05T03:19:32.853Z] Checked if tokens are valid: true, expires at: 1775362770487
[debug] [2026-04-05T03:19:32.853Z] Checked if tokens are valid: true, expires at: 1775362770487
[debug] [2026-04-05T03:19:32.853Z] >>> [apiv2][query] POST https://iam.googleapis.com/v1/projects/phrames-app/serviceAccounts/phrames-app@appspot.gserviceaccount.com:testIamPermissions [none]
[debug] [2026-04-05T03:19:32.853Z] >>> [apiv2][body] POST https://iam.googleapis.com/v1/projects/phrames-app/serviceAccounts/phrames-app@appspot.gserviceaccount.com:testIamPermissions {"permissions":["iam.serviceAccounts.actAs"]}
[debug] [2026-04-05T03:19:34.498Z] <<< [apiv2][status] POST https://iam.googleapis.com/v1/projects/phrames-app/serviceAccounts/phrames-app@appspot.gserviceaccount.com:testIamPermissions 200
[debug] [2026-04-05T03:19:34.498Z] <<< [apiv2][body] POST https://iam.googleapis.com/v1/projects/phrames-app/serviceAccounts/phrames-app@appspot.gserviceaccount.com:testIamPermissions {"permissions":["iam.serviceAccounts.actAs"]}
[info] 
[info] === Deploying to 'phrames-app'...
[info] 
[info] i  deploying functions 
[info] Running command: npm --prefix "$RESOURCE_DIR" run build
[info] ✔  functions: Finished running predeploy script. 
[debug] [2026-04-05T03:19:37.417Z] Checked if tokens are valid: true, expires at: 1775362770487
[debug] [2026-04-05T03:19:37.417Z] Checked if tokens are valid: true, expires at: 1775362770487
[debug] [2026-04-05T03:19:37.417Z] >>> [apiv2][query] GET https://cloudresourcemanager.googleapis.com/v1/projects/phrames-app [none]
[debug] [2026-04-05T03:19:37.797Z] <<< [apiv2][status] GET https://cloudresourcemanager.googleapis.com/v1/projects/phrames-app 200
[debug] [2026-04-05T03:19:37.797Z] <<< [apiv2][body] GET https://cloudresourcemanager.googleapis.com/v1/projects/phrames-app {"projectNumber":"452206245013","projectId":"phrames-app","lifecycleState":"ACTIVE","name":"phrames","labels":{"firebase":"enabled","firebase-core":"disabled"},"createTime":"2025-10-26T15:50:45.282791Z"}
[info] i  functions: preparing codebase default for deployment 
[info] i  functions: ensuring required API cloudfunctions.googleapis.com is enabled... 
[info] i  functions: ensuring required API cloudbuild.googleapis.com is enabled... 
[info] i  artifactregistry: ensuring required API artifactregistry.googleapis.com is enabled... 
[debug] [2026-04-05T03:19:37.799Z] Checked if tokens are valid: true, expires at: 1775362770487
[debug] [2026-04-05T03:19:37.799Z] Checked if tokens are valid: true, expires at: 1775362770487
[debug] [2026-04-05T03:19:37.799Z] >>> [apiv2][query] GET https://firebase.googleapis.com/v1beta1/projects/phrames-app/adminSdkConfig [none]
[debug] [2026-04-05T03:19:39.071Z] <<< [apiv2][status] GET https://firebase.googleapis.com/v1beta1/projects/phrames-app/adminSdkConfig 200
[debug] [2026-04-05T03:19:39.072Z] <<< [apiv2][body] GET https://firebase.googleapis.com/v1beta1/projects/phrames-app/adminSdkConfig {"projectId":"phrames-app","storageBucket":"phrames-app.firebasestorage.app"}
[debug] [2026-04-05T03:19:39.072Z] Checked if tokens are valid: true, expires at: 1775362770487
[debug] [2026-04-05T03:19:39.072Z] Checked if tokens are valid: true, expires at: 1775362770487
[debug] [2026-04-05T03:19:39.072Z] >>> [apiv2][query] GET https://runtimeconfig.googleapis.com/v1beta1/projects/phrames-app/configs [none]
[debug] [2026-04-05T03:19:39.635Z] <<< [apiv2][status] GET https://runtimeconfig.googleapis.com/v1beta1/projects/phrames-app/configs 200
[debug] [2026-04-05T03:19:39.635Z] <<< [apiv2][body] GET https://runtimeconfig.googleapis.com/v1beta1/projects/phrames-app/configs {}
[debug] [2026-04-05T03:19:39.637Z] Validating nodejs source
[warn] ⚠  functions: Runtime Node.js 20 will be deprecated on 2026-04-30 and will be decommissioned on 2026-10-30, after which you will not be able to deploy without upgrading. Consider upgrading now to avoid disruption. See https://cloud.google.com/functions/docs/runtime-support for full details on the lifecycle policy 
[warn] ⚠  functions: package.json indicates an outdated version of firebase-functions. Please upgrade using npm install --save firebase-functions@latest in your functions directory. 
[warn] ⚠  functions: Please note that there will be breaking changes when you upgrade. 
[debug] [2026-04-05T03:19:40.239Z] > [functions] package.json contents: {
  "name": "functions",
  "description": "Cloud Functions for Firebase",
  "scripts": {
    "build": "tsc",
    "serve": "npm run build && firebase emulators:start --only functions",
    "shell": "npm run build && firebase functions:shell",
    "start": "npm run shell",
    "deploy": "firebase deploy --only functions",
    "logs": "firebase functions:log"
  },
  "engines": {
    "node": "20"
  },
  "main": "lib/index.js",
  "dependencies": {
    "firebase-admin": "^12.0.0",
    "firebase-functions": "^4.5.0"
  },
  "devDependencies": {
    "@types/node": "^20.0.0",
    "typescript": "^5.0.0"
  },
  "private": true
}
[debug] [2026-04-05T03:19:40.240Z] Building nodejs source
[info] i  functions: Loading and analyzing source code for codebase default to determine what to deploy 
[info] i  functions: You are using a version of firebase-functions SDK (4.9.0) that does not have support for the newest Firebase Extensions features. Please update firebase-functions SDK to >=5.1.0 to use them correctly 
[debug] [2026-04-05T03:19:40.241Z] Could not find functions.yaml. Must use http discovery
[debug] [2026-04-05T03:19:40.250Z] Found firebase-functions binary at '/Users/saadchadu/Documents/CLEFFON/Web/phrames/functions/node_modules/.bin/firebase-functions'
[info] Serving at port 8206

[debug] [2026-04-05T03:19:40.741Z] Got response from /__/functions.yaml {"endpoints":{"scheduledCampaignExpiryCheck":{"platform":"gcfv1","availableMemoryMb":null,"timeoutSeconds":null,"minInstances":null,"maxInstances":null,"ingressSettings":null,"serviceAccountEmail":null,"vpc":null,"scheduleTrigger":{"schedule":"0 0 * * *","retryConfig":{"retryCount":null,"maxDoublings":null,"maxRetryDuration":null,"maxBackoffDuration":null,"minBackoffDuration":null},"timeZone":"UTC"},"labels":{},"entryPoint":"scheduledCampaignExpiryCheck"},"manualCampaignExpiryCheck":{"platform":"gcfv1","availableMemoryMb":null,"timeoutSeconds":null,"minInstances":null,"maxInstances":null,"ingressSettings":null,"serviceAccountEmail":null,"vpc":null,"httpsTrigger":{},"entryPoint":"manualCampaignExpiryCheck"},"scheduledInactiveCampaignCleanup":{"platform":"gcfv1","availableMemoryMb":null,"timeoutSeconds":null,"minInstances":null,"maxInstances":null,"ingressSettings":null,"serviceAccountEmail":null,"vpc":null,"scheduleTrigger":{"schedule":"0 1 * * *","retryConfig":{"retryCount":null,"maxDoublings":null,"maxRetryDuration":null,"maxBackoffDuration":null,"minBackoffDuration":null},"timeZone":"UTC"},"labels":{},"entryPoint":"scheduledInactiveCampaignCleanup"},"scheduledCampaignFix":{"platform":"gcfv1","availableMemoryMb":null,"timeoutSeconds":null,"minInstances":null,"maxInstances":null,"ingressSettings":null,"serviceAccountEmail":null,"vpc":null,"scheduleTrigger":{"schedule":"0 */6 * * *","retryConfig":{"retryCount":null,"maxDoublings":null,"maxRetryDuration":null,"maxBackoffDuration":null,"minBackoffDuration":null},"timeZone":"UTC"},"labels":{},"entryPoint":"scheduledCampaignFix"},"scheduledTrendingUpdate":{"platform":"gcfv1","availableMemoryMb":null,"timeoutSeconds":null,"minInstances":null,"maxInstances":null,"ingressSettings":null,"serviceAccountEmail":null,"vpc":null,"scheduleTrigger":{"schedule":"0 * * * *","retryConfig":{"retryCount":null,"maxDoublings":null,"maxRetryDuration":null,"maxBackoffDuration":null,"minBackoffDuration":null},"timeZone":"UTC"},"labels":{},"entryPoint":"scheduledTrendingUpdate"},"scheduledCampaignExpiryWarnings":{"platform":"gcfv1","availableMemoryMb":null,"timeoutSeconds":null,"minInstances":null,"maxInstances":null,"ingressSettings":null,"serviceAccountEmail":null,"vpc":null,"scheduleTrigger":{"schedule":"0 8 * * *","retryConfig":{"retryCount":null,"maxDoublings":null,"maxRetryDuration":null,"maxBackoffDuration":null,"minBackoffDuration":null},"timeZone":"UTC"},"labels":{},"entryPoint":"scheduledCampaignExpiryWarnings"}},"specVersion":"v1alpha1","requiredAPIs":[{"api":"cloudscheduler.googleapis.com","reason":"Needed for scheduled functions."}]}
[info] i  functions: preparing functions directory for uploading... 
[info] i  functions: packaged /Users/saadchadu/Documents/CLEFFON/Web/phrames/functions (62.43 KB) for uploading 
[debug] [2026-04-05T03:19:45.784Z] Checked if tokens are valid: true, expires at: 1775362770487
[debug] [2026-04-05T03:19:45.784Z] Checked if tokens are valid: true, expires at: 1775362770487
[debug] [2026-04-05T03:19:45.784Z] >>> [apiv2][query] GET https://cloudfunctions.googleapis.com/v1/projects/phrames-app/locations/-/functions [none]
[debug] [2026-04-05T03:19:46.719Z] <<< [apiv2][status] GET https://cloudfunctions.googleapis.com/v1/projects/phrames-app/locations/-/functions 200
[debug] [2026-04-05T03:19:46.719Z] <<< [apiv2][body] GET https://cloudfunctions.googleapis.com/v1/projects/phrames-app/locations/-/functions {"functions":[{"name":"projects/phrames-app/locations/us-central1/functions/manualCampaignExpiryCheck","httpsTrigger":{"url":"https://us-central1-phrames-app.cloudfunctions.net/manualCampaignExpiryCheck","securityLevel":"SECURE_ALWAYS"},"status":"ACTIVE","entryPoint":"manualCampaignExpiryCheck","timeout":"60s","availableMemoryMb":256,"serviceAccountEmail":"phrames-app@appspot.gserviceaccount.com","updateTime":"2026-01-30T13:09:19.915Z","versionId":"2","labels":{"deployment-tool":"cli-firebase","firebase-functions-hash":"956a6f4f93a1a279c16acd1170587b02580e8738"},"sourceUploadUrl":"https://storage.googleapis.com/uploads-459397618151.us-central1.cloudfunctions.appspot.com/acd7ce70-80ad-485e-9e1e-8a0536ba1fc3.zip","environmentVariables":{"FIREBASE_CONFIG":"{\"projectId\":\"phrames-app\",\"storageBucket\":\"phrames-app.firebasestorage.app\"}","GCLOUD_PROJECT":"phrames-app","EVENTARC_CLOUD_EVENT_SOURCE":"projects/phrames-app/locations/us-central1/functions/manualCampaignExpiryCheck"},"runtime":"nodejs20","ingressSettings":"ALLOW_ALL","buildId":"212c356c-0dbb-4b67-ab48-832819f24a8d","buildEnvironmentVariables":{"GOOGLE_NODE_RUN_SCRIPTS":""},"buildName":"projects/452206245013/locations/us-central1/builds/212c356c-0dbb-4b67-ab48-832819f24a8d","dockerRegistry":"ARTIFACT_REGISTRY","automaticUpdatePolicy":{},"buildServiceAccount":"projects/phrames-app/serviceAccounts/452206245013-compute@developer.gserviceaccount.com","satisfiesPzi":true},{"name":"projects/phrames-app/locations/us-central1/functions/scheduledTrendingUpdate","eventTrigger":{"eventType":"google.pubsub.topic.publish","resource":"projects/phrames-app/topics/firebase-schedule-scheduledTrendingUpdate-us-central1","service":"pubsub.googleapis.com","failurePolicy":{}},"status":"ACTIVE","entryPoint":"scheduledTrendingUpdate","timeout":"60s","availableMemoryMb":256,"serviceAccountEmail":"phrames-app@appspot.gserviceaccount.com","updateTime":"2026-01-30T13:09:08.846530752Z","versionId":"1","labels":{"deployment-scheduled":"true","firebase-functions-hash":"956a6f4f93a1a279c16acd1170587b02580e8738","deployment-tool":"cli-firebase"},"sourceUploadUrl":"https://storage.googleapis.com/uploads-459397618151.us-central1.cloudfunctions.appspot.com/acd7ce70-80ad-485e-9e1e-8a0536ba1fc3.zip","environmentVariables":{"FIREBASE_CONFIG":"{\"projectId\":\"phrames-app\",\"storageBucket\":\"phrames-app.firebasestorage.app\"}","GCLOUD_PROJECT":"phrames-app","EVENTARC_CLOUD_EVENT_SOURCE":"projects/phrames-app/locations/us-central1/functions/scheduledTrendingUpdate"},"runtime":"nodejs20","maxInstances":3000,"ingressSettings":"ALLOW_ALL","buildId":"212c356c-0dbb-4b67-ab48-832819f24a8d","buildEnvironmentVariables":{"GOOGLE_NODE_RUN_SCRIPTS":""},"buildName":"projects/452206245013/locations/us-central1/builds/212c356c-0dbb-4b67-ab48-832819f24a8d","dockerRegistry":"ARTIFACT_REGISTRY","automaticUpdatePolicy":{},"buildServiceAccount":"projects/phrames-app/serviceAccounts/452206245013-compute@developer.gserviceaccount.com","satisfiesPzi":true},{"name":"projects/phrames-app/locations/us-central1/functions/scheduledCampaignExpiryCheck","eventTrigger":{"eventType":"google.pubsub.topic.publish","resource":"projects/phrames-app/topics/firebase-schedule-scheduledCampaignExpiryCheck-us-central1","service":"pubsub.googleapis.com","failurePolicy":{}},"status":"ACTIVE","entryPoint":"scheduledCampaignExpiryCheck","timeout":"60s","availableMemoryMb":256,"serviceAccountEmail":"phrames-app@appspot.gserviceaccount.com","updateTime":"2026-01-30T13:09:19.745Z","versionId":"4","labels":{"deployment-tool":"cli-firebase","deployment-scheduled":"true","firebase-functions-hash":"956a6f4f93a1a279c16acd1170587b02580e8738"},"sourceUploadUrl":"https://storage.googleapis.com/uploads-459397618151.us-central1.cloudfunctions.appspot.com/acd7ce70-80ad-485e-9e1e-8a0536ba1fc3.zip","environmentVariables":{"FIREBASE_CONFIG":"{\"projectId\":\"phrames-app\",\"storageBucket\":\"phrames-app.firebasestorage.app\"}","GCLOUD_PROJECT":"phrames-app","EVENTARC_CLOUD_EVENT_SOURCE":"projects/phrames-app/locations/us-central1/functions/scheduledCampaignExpiryCheck"},"runtime":"nodejs20","maxInstances":3000,"ingressSettings":"ALLOW_ALL","buildId":"212c356c-0dbb-4b67-ab48-832819f24a8d","buildEnvironmentVariables":{"GOOGLE_NODE_RUN_SCRIPTS":""},"buildName":"projects/452206245013/locations/us-central1/builds/212c356c-0dbb-4b67-ab48-832819f24a8d","dockerRegistry":"ARTIFACT_REGISTRY","automaticUpdatePolicy":{},"buildServiceAccount":"projects/phrames-app/serviceAccounts/452206245013-compute@developer.gserviceaccount.com","satisfiesPzi":true},{"name":"projects/phrames-app/locations/us-central1/functions/scheduledCampaignFix","eventTrigger":{"eventType":"google.pubsub.topic.publish","resource":"projects/phrames-app/topics/firebase-schedule-scheduledCampaignFix-us-central1","service":"pubsub.googleapis.com","failurePolicy":{}},"status":"ACTIVE","entryPoint":"scheduledCampaignFix","timeout":"60s","availableMemoryMb":256,"serviceAccountEmail":"phrames-app@appspot.gserviceaccount.com","updateTime":"2026-01-30T13:09:12.722Z","versionId":"2","labels":{"deployment-tool":"cli-firebase","deployment-scheduled":"true","firebase-functions-hash":"956a6f4f93a1a279c16acd1170587b02580e8738"},"sourceUploadUrl":"https://storage.googleapis.com/uploads-459397618151.us-central1.cloudfunctions.appspot.com/acd7ce70-80ad-485e-9e1e-8a0536ba1fc3.zip","environmentVariables":{"FIREBASE_CONFIG":"{\"projectId\":\"phrames-app\",\"storageBucket\":\"phrames-app.firebasestorage.app\"}","GCLOUD_PROJECT":"phrames-app","EVENTARC_CLOUD_EVENT_SOURCE":"projects/phrames-app/locations/us-central1/functions/scheduledCampaignFix"},"runtime":"nodejs20","maxInstances":3000,"ingressSettings":"ALLOW_ALL","buildId":"212c356c-0dbb-4b67-ab48-832819f24a8d","buildEnvironmentVariables":{"GOOGLE_NODE_RUN_SCRIPTS":""},"buildName":"projects/452206245013/locations/us-central1/builds/212c356c-0dbb-4b67-ab48-832819f24a8d","dockerRegistry":"ARTIFACT_REGISTRY","automaticUpdatePolicy":{},"buildServiceAccount":"projects/phrames-app/serviceAccounts/452206245013-compute@developer.gserviceaccount.com","satisfiesPzi":true},{"name":"projects/phrames-app/locations/us-central1/functions/scheduledInactiveCampaignCleanup","eventTrigger":{"eventType":"google.pubsub.topic.publish","resource":"projects/phrames-app/topics/firebase-schedule-scheduledInactiveCampaignCleanup-us-central1","service":"pubsub.googleapis.com","failurePolicy":{}},"status":"ACTIVE","entryPoint":"scheduledInactiveCampaignCleanup","timeout":"60s","availableMemoryMb":256,"serviceAccountEmail":"phrames-app@appspot.gserviceaccount.com","updateTime":"2026-01-30T13:09:17.884Z","versionId":"2","labels":{"deployment-tool":"cli-firebase","deployment-scheduled":"true","firebase-functions-hash":"956a6f4f93a1a279c16acd1170587b02580e8738"},"sourceUploadUrl":"https://storage.googleapis.com/uploads-459397618151.us-central1.cloudfunctions.appspot.com/acd7ce70-80ad-485e-9e1e-8a0536ba1fc3.zip","environmentVariables":{"FIREBASE_CONFIG":"{\"projectId\":\"phrames-app\",\"storageBucket\":\"phrames-app.firebasestorage.app\"}","GCLOUD_PROJECT":"phrames-app","EVENTARC_CLOUD_EVENT_SOURCE":"projects/phrames-app/locations/us-central1/functions/scheduledInactiveCampaignCleanup"},"runtime":"nodejs20","maxInstances":3000,"ingressSettings":"ALLOW_ALL","buildId":"212c356c-0dbb-4b67-ab48-832819f24a8d","buildEnvironmentVariables":{"GOOGLE_NODE_RUN_SCRIPTS":""},"buildName":"projects/452206245013/locations/us-central1/builds/212c356c-0dbb-4b67-ab48-832819f24a8d","dockerRegistry":"ARTIFACT_REGISTRY","automaticUpdatePolicy":{},"buildServiceAccount":"projects/phrames-app/serviceAccounts/452206245013-compute@developer.gserviceaccount.com","satisfiesPzi":true}]}
[debug] [2026-04-05T03:19:46.720Z] Checked if tokens are valid: true, expires at: 1775362770487
[debug] [2026-04-05T03:19:46.720Z] Checked if tokens are valid: true, expires at: 1775362770487
[debug] [2026-04-05T03:19:46.720Z] >>> [apiv2][query] GET https://cloudfunctions.googleapis.com/v2/projects/phrames-app/locations/-/functions filter=environment%3D%22GEN_2%22
[debug] [2026-04-05T03:19:48.661Z] <<< [apiv2][status] GET https://cloudfunctions.googleapis.com/v2/projects/phrames-app/locations/-/functions 200
[debug] [2026-04-05T03:19:48.661Z] <<< [apiv2][body] GET https://cloudfunctions.googleapis.com/v2/projects/phrames-app/locations/-/functions {}
[info] i  functions: ensuring required API cloudscheduler.googleapis.com is enabled... 
[debug] [2026-04-05T03:19:48.665Z] Checked if tokens are valid: true, expires at: 1775362770487
[debug] [2026-04-05T03:19:48.665Z] Checked if tokens are valid: true, expires at: 1775362770487
[debug] [2026-04-05T03:19:48.665Z] >>> [apiv2][query] GET https://cloudresourcemanager.googleapis.com/v1/projects/phrames-app [none]
[debug] [2026-04-05T03:19:50.308Z] <<< [apiv2][status] GET https://cloudresourcemanager.googleapis.com/v1/projects/phrames-app 200
[debug] [2026-04-05T03:19:50.308Z] <<< [apiv2][body] GET https://cloudresourcemanager.googleapis.com/v1/projects/phrames-app {"projectNumber":"452206245013","projectId":"phrames-app","lifecycleState":"ACTIVE","name":"phrames","labels":{"firebase":"enabled","firebase-core":"disabled"},"createTime":"2025-10-26T15:50:45.282791Z"}
[debug] [2026-04-05T03:19:50.309Z] Checked if tokens are valid: true, expires at: 1775362770487
[debug] [2026-04-05T03:19:50.309Z] Checked if tokens are valid: true, expires at: 1775362770487
[debug] [2026-04-05T03:19:50.310Z] >>> [apiv2][query] POST https://cloudfunctions.googleapis.com/v1/projects/phrames-app/locations/us-central1/functions:generateUploadUrl [none]
[debug] [2026-04-05T03:19:50.310Z] >>> [apiv2][body] POST https://cloudfunctions.googleapis.com/v1/projects/phrames-app/locations/us-central1/functions:generateUploadUrl {}
[debug] [2026-04-05T03:19:51.130Z] <<< [apiv2][status] POST https://cloudfunctions.googleapis.com/v1/projects/phrames-app/locations/us-central1/functions:generateUploadUrl 200
[debug] [2026-04-05T03:19:51.130Z] <<< [apiv2][body] POST https://cloudfunctions.googleapis.com/v1/projects/phrames-app/locations/us-central1/functions:generateUploadUrl {"uploadUrl":"https://storage.googleapis.com/uploads-459397618151.us-central1.cloudfunctions.appspot.com/9266e7d5-1276-48b9-8c14-fd202e6ef4b8.zip?GoogleAccessId=service-452206245013@gcf-admin-robot.iam.gserviceaccount.com&Expires=1775360990&Signature=Io2n%2FQgx%2BAMRuT2emFeNVg760yGf9DB6qPU9oVJowAwin91hhMy3Ec46rNquWztdRq5O%2FoUmL5R0fkFwt1x%2FA4z90vwiNaH53uCCNg5hRdymdVuyzpstbBQzyVEfEhERsDol6l32Ck5BP7kUM8lbwUczhwfhDApSPfhTblH62DPMVScypMoIFK9uHqeWk%2Fc7eHZ3N7nBfffFp4QhvVvBqNgVKaRf%2FrW05sRKuCEr5GOOMDLmcTD5rsPhbi3EXV%2FafXJFGj0N47hBDVBUKphIVwDQJsJOlJWkiRbEB%2FNmhwcJLxSRFkTGvw%2F89jJ%2BUvLQDAL2taHDqXVReTEJlxt5%2Bw%3D%3D"}
[debug] [2026-04-05T03:19:51.131Z] >>> [apiv2][query] PUT https://storage.googleapis.com/uploads-459397618151.us-central1.cloudfunctions.appspot.com/9266e7d5-1276-48b9-8c14-fd202e6ef4b8.zip GoogleAccessId=service-452206245013%40gcf-admin-robot.iam.gserviceaccount.com&Expires=1775360990&Signature=Io2n%2FQgx%2BAMRuT2emFeNVg760yGf9DB6qPU9oVJowAwin91hhMy3Ec46rNquWztdRq5O%2FoUmL5R0fkFwt1x%2FA4z90vwiNaH53uCCNg5hRdymdVuyzpstbBQzyVEfEhERsDol6l32Ck5BP7kUM8lbwUczhwfhDApSPfhTblH62DPMVScypMoIFK9uHqeWk%2Fc7eHZ3N7nBfffFp4QhvVvBqNgVKaRf%2FrW05sRKuCEr5GOOMDLmcTD5rsPhbi3EXV%2FafXJFGj0N47hBDVBUKphIVwDQJsJOlJWkiRbEB%2FNmhwcJLxSRFkTGvw%2F89jJ%2BUvLQDAL2taHDqXVReTEJlxt5%2Bw%3D%3D
[debug] [2026-04-05T03:19:51.131Z] >>> [apiv2][body] PUT https://storage.googleapis.com/uploads-459397618151.us-central1.cloudfunctions.appspot.com/9266e7d5-1276-48b9-8c14-fd202e6ef4b8.zip [stream]
[debug] [2026-04-05T03:19:53.374Z] <<< [apiv2][status] PUT https://storage.googleapis.com/uploads-459397618151.us-central1.cloudfunctions.appspot.com/9266e7d5-1276-48b9-8c14-fd202e6ef4b8.zip 200
[debug] [2026-04-05T03:19:53.374Z] <<< [apiv2][body] PUT https://storage.googleapis.com/uploads-459397618151.us-central1.cloudfunctions.appspot.com/9266e7d5-1276-48b9-8c14-fd202e6ef4b8.zip [omitted]
[info] ✔  functions: functions folder uploaded successfully 
[info] i  functions: creating Node.js 20 (1st Gen) function scheduledCampaignExpiryWarnings(us-central1)... 
[info] i  functions: updating Node.js 20 (1st Gen) function scheduledCampaignExpiryCheck(us-central1)... 
[info] i  functions: updating Node.js 20 (1st Gen) function manualCampaignExpiryCheck(us-central1)... 
[info] i  functions: updating Node.js 20 (1st Gen) function scheduledInactiveCampaignCleanup(us-central1)... 
[info] i  functions: updating Node.js 20 (1st Gen) function scheduledCampaignFix(us-central1)... 
[info] i  functions: updating Node.js 20 (1st Gen) function scheduledTrendingUpdate(us-central1)... 
[debug] [2026-04-05T03:19:53.378Z] Checked if tokens are valid: true, expires at: 1775362770487
[debug] [2026-04-05T03:19:53.378Z] Checked if tokens are valid: true, expires at: 1775362770487
[debug] [2026-04-05T03:19:53.378Z] >>> [apiv2][query] POST https://cloudfunctions.googleapis.com/v1/projects/phrames-app/locations/us-central1/functions [none]
[debug] [2026-04-05T03:19:53.378Z] >>> [apiv2][body] POST https://cloudfunctions.googleapis.com/v1/projects/phrames-app/locations/us-central1/functions {"name":"projects/phrames-app/locations/us-central1/functions/scheduledCampaignExpiryWarnings","sourceUploadUrl":"https://storage.googleapis.com/uploads-459397618151.us-central1.cloudfunctions.appspot.com/9266e7d5-1276-48b9-8c14-fd202e6ef4b8.zip?GoogleAccessId=service-452206245013@gcf-admin-robot.iam.gserviceaccount.com&Expires=1775360990&Signature=Io2n%2FQgx%2BAMRuT2emFeNVg760yGf9DB6qPU9oVJowAwin91hhMy3Ec46rNquWztdRq5O%2FoUmL5R0fkFwt1x%2FA4z90vwiNaH53uCCNg5hRdymdVuyzpstbBQzyVEfEhERsDol6l32Ck5BP7kUM8lbwUczhwfhDApSPfhTblH62DPMVScypMoIFK9uHqeWk%2Fc7eHZ3N7nBfffFp4QhvVvBqNgVKaRf%2FrW05sRKuCEr5GOOMDLmcTD5rsPhbi3EXV%2FafXJFGj0N47hBDVBUKphIVwDQJsJOlJWkiRbEB%2FNmhwcJLxSRFkTGvw%2F89jJ%2BUvLQDAL2taHDqXVReTEJlxt5%2Bw%3D%3D","entryPoint":"scheduledCampaignExpiryWarnings","runtime":"nodejs20","dockerRegistry":"ARTIFACT_REGISTRY","labels":{"deployment-tool":"cli-firebase","deployment-scheduled":"true","firebase-functions-hash":"bd06c3db7f899fdf3b36d38679b4486c8b2c864c"},"eventTrigger":{"eventType":"google.pubsub.topic.publish","resource":"projects/phrames-app/topics/firebase-schedule-scheduledCampaignExpiryWarnings-us-central1"},"minInstances":null,"maxInstances":null,"ingressSettings":null,"environmentVariables":{"FIREBASE_CONFIG":"{\"projectId\":\"phrames-app\",\"storageBucket\":\"phrames-app.firebasestorage.app\"}","GCLOUD_PROJECT":"phrames-app","EVENTARC_CLOUD_EVENT_SOURCE":"projects/phrames-app/locations/us-central1/functions/scheduledCampaignExpiryWarnings"},"serviceAccountEmail":null,"availableMemoryMb":null,"timeout":null,"vpcConnector":null,"vpcConnectorEgressSettings":null,"buildEnvironmentVariables":{"GOOGLE_NODE_RUN_SCRIPTS":""}}
[debug] [2026-04-05T03:19:54.300Z] <<< [apiv2][status] POST https://cloudfunctions.googleapis.com/v1/projects/phrames-app/locations/us-central1/functions 200
[debug] [2026-04-05T03:19:54.300Z] <<< [apiv2][body] POST https://cloudfunctions.googleapis.com/v1/projects/phrames-app/locations/us-central1/functions {"name":"operations/cHJvamVjdHMvcGhyYW1lcy1hcHAvbG9jYXRpb25zL3VzLWNlbnRyYWwxL29wZXJhdGlvbnMvb3BlcmF0aW9uLTE3NzUzNTkxOTM3MjEtNjRlYWUwNjE3MjkzMC02OGNlYTY1NS0yZTA4YTViZg","metadata":{"@type":"type.googleapis.com/google.cloud.functions.v1.OperationMetadataV1","target":"projects/phrames-app/locations/us-central1/functions/scheduledCampaignExpiryWarnings","updateTime":"2026-04-05T03:19:54.155165996Z"}}
[debug] [2026-04-05T03:19:54.301Z] Checked if tokens are valid: true, expires at: 1775362770487
[debug] [2026-04-05T03:19:54.301Z] Checked if tokens are valid: true, expires at: 1775362770487
[debug] [2026-04-05T03:19:54.302Z] >>> [apiv2][query] GET https://cloudfunctions.googleapis.com/v1/operations/cHJvamVjdHMvcGhyYW1lcy1hcHAvbG9jYXRpb25zL3VzLWNlbnRyYWwxL29wZXJhdGlvbnMvb3BlcmF0aW9uLTE3NzUzNTkxOTM3MjEtNjRlYWUwNjE3MjkzMC02OGNlYTY1NS0yZTA4YTViZg [none]
[debug] [2026-04-05T03:19:54.801Z] <<< [apiv2][status] GET https://cloudfunctions.googleapis.com/v1/operations/cHJvamVjdHMvcGhyYW1lcy1hcHAvbG9jYXRpb25zL3VzLWNlbnRyYWwxL29wZXJhdGlvbnMvb3BlcmF0aW9uLTE3NzUzNTkxOTM3MjEtNjRlYWUwNjE3MjkzMC02OGNlYTY1NS0yZTA4YTViZg 200
[debug] [2026-04-05T03:19:54.802Z] <<< [apiv2][body] GET https://cloudfunctions.googleapis.com/v1/operations/cHJvamVjdHMvcGhyYW1lcy1hcHAvbG9jYXRpb25zL3VzLWNlbnRyYWwxL29wZXJhdGlvbnMvb3BlcmF0aW9uLTE3NzUzNTkxOTM3MjEtNjRlYWUwNjE3MjkzMC02OGNlYTY1NS0yZTA4YTViZg {"name":"operations/cHJvamVjdHMvcGhyYW1lcy1hcHAvbG9jYXRpb25zL3VzLWNlbnRyYWwxL29wZXJhdGlvbnMvb3BlcmF0aW9uLTE3NzUzNTkxOTM3MjEtNjRlYWUwNjE3MjkzMC02OGNlYTY1NS0yZTA4YTViZg","metadata":{"@type":"type.googleapis.com/google.cloud.functions.v1.OperationMetadataV1","target":"projects/phrames-app/locations/us-central1/functions/scheduledCampaignExpiryWarnings","updateTime":"2026-04-05T03:19:54.155165996Z"}}
[debug] [2026-04-05T03:19:55.303Z] [create-default-us-central1-scheduledCampaignExpiryWarnings] Retrying task index 0
[debug] [2026-04-05T03:19:55.303Z] Checked if tokens are valid: true, expires at: 1775362770487
[debug] [2026-04-05T03:19:55.304Z] Checked if tokens are valid: true, expires at: 1775362770487
[debug] [2026-04-05T03:19:55.304Z] >>> [apiv2][query] GET https://cloudfunctions.googleapis.com/v1/operations/cHJvamVjdHMvcGhyYW1lcy1hcHAvbG9jYXRpb25zL3VzLWNlbnRyYWwxL29wZXJhdGlvbnMvb3BlcmF0aW9uLTE3NzUzNTkxOTM3MjEtNjRlYWUwNjE3MjkzMC02OGNlYTY1NS0yZTA4YTViZg [none]
